[1007 12:50:48.250][ INFO][][][][][] HV000001: Hibernate Validator 5.2.4.Final
[1007 12:50:55.436][ INFO][13][][][][] Load system property 'ume.jdbc.defaultAutoCommit' from application.properties
[1007 12:50:55.437][ INFO][13][][][][] Load system property 'ume.serviceMapping.location' from application.properties
[1007 12:50:55.437][ INFO][13][][][][] Load system property 'ume.sqlMapConfig.location' from application.properties
[1007 12:50:55.437][ INFO][13][][][][] Load system property 'ume.home.page' from application.properties
[1007 12:50:55.437][ INFO][13][][][][] Load system property 'ume.jdbc.initialSize' from application.properties
[1007 12:50:55.438][ INFO][13][][][][] Load system property 'ume.jdbc.minIdle' from application.properties
[1007 12:50:55.438][ INFO][13][][][][] Load system property 'ume.jdbc.driverClassName' from application.properties
[1007 12:50:55.438][ INFO][13][][][][] Load system property 'ume.sqlMapFile.location' from application.properties
[1007 12:50:55.438][ INFO][13][][][][] Load system property 'ume.jdbc.maxIdle' from application.properties
[1007 12:50:55.438][ INFO][13][][][][] Load system property 'ume.jdbc.maxWait' from application.properties
[1007 12:50:55.438][ INFO][13][][][][] Load system property 'server.contextPath' from application.properties
[1007 12:50:55.439][ INFO][13][][][][] Load system property 'ume.jdbc.url' from application.properties
[1007 12:50:55.439][ INFO][13][][][][] Load system property 'ume.jdbc.maxActive' from application.properties
[1007 12:50:55.439][ INFO][13][][][][] Load system property 'ume.jdbc.password' from application.properties
[1007 12:50:55.439][ INFO][13][][][][] Load system property 'ume.serviceWhiteList.location' from application.properties
[1007 12:50:55.439][ INFO][13][][][][] Load system property 'ume.jdbc.username' from application.properties
[1007 12:50:55.439][ INFO][13][][][][] Load system property 'server.port' from application.properties
[1007 12:50:55.440][ INFO][13][][][][] Load system property 'server.sessionTimeout' from application.properties
[1007 12:50:55.440][ INFO][13][][][][] Load system property 'ume.messageProperties.location' from application.properties
[1007 12:51:00.697][ INFO][13][][][][] Temp memory cache instance start.
[1007 12:51:00.893][ INFO][13][][][][] Initialized EMS99903,enable
[1007 12:51:00.895][ INFO][13][][][][] Initialized EMS30002,enable
[1007 12:51:00.895][ INFO][13][][][][] Initialized EMS99902,enable
[1007 12:51:00.896][ INFO][13][][][][] Initialized EMS30001,enable
[1007 12:51:00.897][ INFO][13][][][][] Initialized EMS99901,enable
[1007 12:51:00.897][ INFO][13][][][][] Initialized EMS00002,enable
[1007 12:51:00.898][ INFO][13][][][][] Initialized EMS10010,enable
[1007 12:51:00.898][ INFO][13][][][][] Initialized EMS00001,enable
[1007 12:51:00.900][ INFO][13][][][][] Initialized EMS00000,enable
[1007 12:51:03.699][ INFO][13][][][][] Initialized EMS50002,enable
[1007 12:51:06.619][ INFO][13][][][][] Initialized EMS50001,enable
[1007 12:51:06.622][ INFO][13][][][][] Initialized EMS20002,enable
[1007 12:51:06.624][ INFO][13][][][][] Initialized EMS20001,enable
[1007 12:51:06.627][ INFO][13][][][][] Initialized EMS40004,enable
[1007 12:51:06.629][ INFO][13][][][][] Initialized EMS90032,enable
[1007 12:51:06.630][ INFO][13][][][][] Initialized EMS90031,enable
[1007 12:51:06.631][ INFO][13][][][][] Initialized EMS10003,enable
[1007 12:51:06.632][ INFO][13][][][][] Initialized EMS10002,enable
[1007 12:51:06.633][ INFO][13][][][][] Initialized EMS10001,enable
[1007 12:51:06.634][ INFO][13][][][][] Initialized EMS99906,enable
[1007 12:51:06.634][ INFO][13][][][][] Initialized EMS99905,enable
[1007 12:51:06.635][ INFO][13][][][][] Initialized EMS99904,enable
[1007 12:51:06.635][ INFO][13][][][][] Service mapping initialize successful.
[1007 12:52:55.728][ INFO][29][][][][] Temp memory cache instance shutdown.
[1007 13:10:37.816][ INFO][][][][][] HV000001: Hibernate Validator 5.2.4.Final
[1007 13:10:45.110][ INFO][13][][][][] Load system property 'ume.jdbc.defaultAutoCommit' from application.properties
[1007 13:10:45.111][ INFO][13][][][][] Load system property 'ume.serviceMapping.location' from application.properties
[1007 13:10:45.111][ INFO][13][][][][] Load system property 'ume.sqlMapConfig.location' from application.properties
[1007 13:10:45.111][ INFO][13][][][][] Load system property 'ume.home.page' from application.properties
[1007 13:10:45.111][ INFO][13][][][][] Load system property 'ume.jdbc.initialSize' from application.properties
[1007 13:10:45.111][ INFO][13][][][][] Load system property 'ume.jdbc.minIdle' from application.properties
[1007 13:10:45.111][ INFO][13][][][][] Load system property 'ume.jdbc.driverClassName' from application.properties
[1007 13:10:45.112][ INFO][13][][][][] Load system property 'ume.sqlMapFile.location' from application.properties
[1007 13:10:45.112][ INFO][13][][][][] Load system property 'ume.jdbc.maxIdle' from application.properties
[1007 13:10:45.112][ INFO][13][][][][] Load system property 'ume.jdbc.maxWait' from application.properties
[1007 13:10:45.112][ INFO][13][][][][] Load system property 'server.contextPath' from application.properties
[1007 13:10:45.112][ INFO][13][][][][] Load system property 'ume.jdbc.url' from application.properties
[1007 13:10:45.113][ INFO][13][][][][] Load system property 'ume.jdbc.maxActive' from application.properties
[1007 13:10:45.113][ INFO][13][][][][] Load system property 'ume.jdbc.password' from application.properties
[1007 13:10:45.113][ INFO][13][][][][] Load system property 'ume.serviceWhiteList.location' from application.properties
[1007 13:10:45.113][ INFO][13][][][][] Load system property 'ume.jdbc.username' from application.properties
[1007 13:10:45.113][ INFO][13][][][][] Load system property 'server.port' from application.properties
[1007 13:10:45.113][ INFO][13][][][][] Load system property 'server.sessionTimeout' from application.properties
[1007 13:10:45.113][ INFO][13][][][][] Load system property 'ume.messageProperties.location' from application.properties
[1007 13:10:50.860][ INFO][13][][][][] Temp memory cache instance start.
[1007 13:10:51.062][ INFO][13][][][][] Initialized EMS99903,enable
[1007 13:10:51.065][ INFO][13][][][][] Initialized EMS30002,enable
[1007 13:10:51.065][ INFO][13][][][][] Initialized EMS99902,enable
[1007 13:10:51.066][ INFO][13][][][][] Initialized EMS30001,enable
[1007 13:10:51.066][ INFO][13][][][][] Initialized EMS99901,enable
[1007 13:10:51.067][ INFO][13][][][][] Initialized EMS00002,enable
[1007 13:10:51.068][ INFO][13][][][][] Initialized EMS10010,enable
[1007 13:10:51.068][ INFO][13][][][][] Initialized EMS00001,enable
[1007 13:10:51.070][ INFO][13][][][][] Initialized EMS00000,enable
[1007 13:10:55.022][ INFO][13][][][][] Initialized EMS50002,enable
[1007 13:10:58.231][ INFO][13][][][][] Initialized EMS50001,enable
[1007 13:10:58.235][ INFO][13][][][][] Initialized EMS20002,enable
[1007 13:10:58.237][ INFO][13][][][][] Initialized EMS20001,enable
[1007 13:10:58.240][ INFO][13][][][][] Initialized EMS40004,enable
[1007 13:10:58.241][ INFO][13][][][][] Initialized EMS90032,enable
[1007 13:10:58.242][ INFO][13][][][][] Initialized EMS90031,enable
[1007 13:10:58.243][ INFO][13][][][][] Initialized EMS10003,enable
[1007 13:10:58.243][ INFO][13][][][][] Initialized EMS10002,enable
[1007 13:10:58.244][ INFO][13][][][][] Initialized EMS10001,enable
[1007 13:10:58.245][ INFO][13][][][][] Initialized EMS99906,enable
[1007 13:10:58.245][ INFO][13][][][][] Initialized EMS99905,enable
[1007 13:10:58.245][ INFO][13][][][][] Initialized EMS99904,enable
[1007 13:10:58.245][ INFO][13][][][][] Service mapping initialize successful.
[1007 13:11:49.112][ INFO][29][][][][] Temp memory cache instance shutdown.
[1007 13:12:42.679][ INFO][][][][][] HV000001: Hibernate Validator 5.2.4.Final
[1007 13:12:50.038][ INFO][13][][][][] Load system property 'ume.jdbc.defaultAutoCommit' from application.properties
[1007 13:12:50.039][ INFO][13][][][][] Load system property 'ume.serviceMapping.location' from application.properties
[1007 13:12:50.039][ INFO][13][][][][] Load system property 'ume.sqlMapConfig.location' from application.properties
[1007 13:12:50.039][ INFO][13][][][][] Load system property 'ume.home.page' from application.properties
[1007 13:12:50.039][ INFO][13][][][][] Load system property 'ume.jdbc.initialSize' from application.properties
[1007 13:12:50.039][ INFO][13][][][][] Load system property 'ume.jdbc.minIdle' from application.properties
[1007 13:12:50.040][ INFO][13][][][][] Load system property 'ume.jdbc.driverClassName' from application.properties
[1007 13:12:50.040][ INFO][13][][][][] Load system property 'ume.sqlMapFile.location' from application.properties
[1007 13:12:50.040][ INFO][13][][][][] Load system property 'ume.jdbc.maxIdle' from application.properties
[1007 13:12:50.040][ INFO][13][][][][] Load system property 'ume.jdbc.maxWait' from application.properties
[1007 13:12:50.040][ INFO][13][][][][] Load system property 'server.contextPath' from application.properties
[1007 13:12:50.040][ INFO][13][][][][] Load system property 'ume.jdbc.url' from application.properties
[1007 13:12:50.041][ INFO][13][][][][] Load system property 'ume.jdbc.maxActive' from application.properties
[1007 13:12:50.041][ INFO][13][][][][] Load system property 'ume.jdbc.password' from application.properties
[1007 13:12:50.041][ INFO][13][][][][] Load system property 'ume.serviceWhiteList.location' from application.properties
[1007 13:12:50.041][ INFO][13][][][][] Load system property 'ume.jdbc.username' from application.properties
[1007 13:12:50.041][ INFO][13][][][][] Load system property 'server.port' from application.properties
[1007 13:12:50.041][ INFO][13][][][][] Load system property 'server.sessionTimeout' from application.properties
[1007 13:12:50.042][ INFO][13][][][][] Load system property 'ume.messageProperties.location' from application.properties
[1007 13:12:57.754][ INFO][13][][][][] Temp memory cache instance start.
[1007 13:12:58.024][ INFO][13][][][][] Initialized EMS99903,enable
[1007 13:12:58.026][ INFO][13][][][][] Initialized EMS30002,enable
[1007 13:12:58.027][ INFO][13][][][][] Initialized EMS99902,enable
[1007 13:12:58.028][ INFO][13][][][][] Initialized EMS30001,enable
[1007 13:12:58.028][ INFO][13][][][][] Initialized EMS99901,enable
[1007 13:12:58.028][ INFO][13][][][][] Initialized EMS00002,enable
[1007 13:12:58.029][ INFO][13][][][][] Initialized EMS10010,enable
[1007 13:12:58.029][ INFO][13][][][][] Initialized EMS00001,enable
[1007 13:12:58.032][ INFO][13][][][][] Initialized EMS00000,enable
[1007 13:13:01.829][ INFO][13][][][][] Initialized EMS50002,enable
[1007 13:13:04.846][ INFO][13][][][][] Initialized EMS50001,enable
[1007 13:13:04.849][ INFO][13][][][][] Initialized EMS20002,enable
[1007 13:13:04.852][ INFO][13][][][][] Initialized EMS20001,enable
[1007 13:13:04.854][ INFO][13][][][][] Initialized EMS40004,enable
[1007 13:13:04.856][ INFO][13][][][][] Initialized EMS90032,enable
[1007 13:13:04.857][ INFO][13][][][][] Initialized EMS90031,enable
[1007 13:13:04.858][ INFO][13][][][][] Initialized EMS10003,enable
[1007 13:13:04.859][ INFO][13][][][][] Initialized EMS10002,enable
[1007 13:13:04.860][ INFO][13][][][][] Initialized EMS10001,enable
[1007 13:13:04.860][ INFO][13][][][][] Initialized EMS99906,enable
[1007 13:13:04.861][ INFO][13][][][][] Initialized EMS99905,enable
[1007 13:13:04.861][ INFO][13][][][][] Initialized EMS99904,enable
[1007 13:13:04.861][ INFO][13][][][][] Service mapping initialize successful.
[1007 13:13:43.942][ INFO][29][][][][] Temp memory cache instance shutdown.
[1007 13:22:16.437][ INFO][][][][][] HV000001: Hibernate Validator 5.2.4.Final
[1007 13:22:23.872][ INFO][13][][][][] Load system property 'ume.jdbc.defaultAutoCommit' from application.properties
[1007 13:22:23.873][ INFO][13][][][][] Load system property 'ume.serviceMapping.location' from application.properties
[1007 13:22:23.873][ INFO][13][][][][] Load system property 'ume.sqlMapConfig.location' from application.properties
[1007 13:22:23.873][ INFO][13][][][][] Load system property 'ume.home.page' from application.properties
[1007 13:22:23.873][ INFO][13][][][][] Load system property 'ume.jdbc.initialSize' from application.properties
[1007 13:22:23.873][ INFO][13][][][][] Load system property 'ume.jdbc.minIdle' from application.properties
[1007 13:22:23.874][ INFO][13][][][][] Load system property 'ume.jdbc.driverClassName' from application.properties
[1007 13:22:23.874][ INFO][13][][][][] Load system property 'ume.sqlMapFile.location' from application.properties
[1007 13:22:23.874][ INFO][13][][][][] Load system property 'ume.jdbc.maxIdle' from application.properties
[1007 13:22:23.874][ INFO][13][][][][] Load system property 'ume.jdbc.maxWait' from application.properties
[1007 13:22:23.874][ INFO][13][][][][] Load system property 'server.contextPath' from application.properties
[1007 13:22:23.875][ INFO][13][][][][] Load system property 'ume.jdbc.url' from application.properties
[1007 13:22:23.875][ INFO][13][][][][] Load system property 'ume.jdbc.maxActive' from application.properties
[1007 13:22:23.875][ INFO][13][][][][] Load system property 'ume.jdbc.password' from application.properties
[1007 13:22:23.875][ INFO][13][][][][] Load system property 'ume.serviceWhiteList.location' from application.properties
[1007 13:22:23.875][ INFO][13][][][][] Load system property 'ume.jdbc.username' from application.properties
[1007 13:22:23.875][ INFO][13][][][][] Load system property 'server.port' from application.properties
[1007 13:22:23.876][ INFO][13][][][][] Load system property 'server.sessionTimeout' from application.properties
[1007 13:22:23.876][ INFO][13][][][][] Load system property 'ume.messageProperties.location' from application.properties
[1007 13:22:39.139][ INFO][13][][][][] Temp memory cache instance start.
[1007 13:22:39.331][ INFO][13][][][][] Initialized EMS99903,enable
[1007 13:22:39.333][ INFO][13][][][][] Initialized EMS30002,enable
[1007 13:22:39.333][ INFO][13][][][][] Initialized EMS99902,enable
[1007 13:22:39.334][ INFO][13][][][][] Initialized EMS30001,enable
[1007 13:22:39.335][ INFO][13][][][][] Initialized EMS99901,enable
[1007 13:22:39.335][ INFO][13][][][][] Initialized EMS00002,enable
[1007 13:22:39.337][ INFO][13][][][][] Initialized EMS10010,enable
[1007 13:22:39.337][ INFO][13][][][][] Initialized EMS00001,enable
[1007 13:22:39.339][ INFO][13][][][][] Initialized EMS00000,enable
[1007 13:22:48.076][ INFO][13][][][][] Initialized EMS50002,enable
[1007 13:22:54.355][ INFO][13][][][][] Initialized EMS50001,enable
[1007 13:22:54.358][ INFO][13][][][][] Initialized EMS20002,enable
[1007 13:22:54.361][ INFO][13][][][][] Initialized EMS20001,enable
[1007 13:22:54.363][ INFO][13][][][][] Initialized EMS40004,enable
[1007 13:22:54.366][ INFO][13][][][][] Initialized EMS90032,enable
[1007 13:22:54.367][ INFO][13][][][][] Initialized EMS90031,enable
[1007 13:22:54.368][ INFO][13][][][][] Initialized EMS10003,enable
[1007 13:22:54.369][ INFO][13][][][][] Initialized EMS10002,enable
[1007 13:22:54.370][ INFO][13][][][][] Initialized EMS10001,enable
[1007 13:22:54.371][ INFO][13][][][][] Initialized EMS99906,enable
[1007 13:22:54.371][ INFO][13][][][][] Initialized EMS99905,enable
[1007 13:22:54.371][ INFO][13][][][][] Initialized EMS99904,enable
[1007 13:22:54.371][ INFO][13][][][][] Service mapping initialize successful.
[1007 13:23:00.609][ INFO][29][][][][] Temp memory cache instance shutdown.
